<?xml version="1.0" encoding="UTF-8"?>
<!-- Generated by org.testng.reporters.JUnitReportReporter -->
<testsuite hostname="LAPTOP-9PSLU48T" failures="0" tests="1" name="vtiger.BaseClassPrograms.CreateContactWithOrgTest" time="32.565" errors="0" timestamp="2022-09-15T20:24:33 IST" skipped="0">
  <testcase classname="vtiger.BaseClassPrograms.CreateContactWithOrgTest" name="CreateContactWithOrg" time="32.565"/>
  <system-out>
    <![CDATA[Organisation link clicked
new Organisation img link clicked
Create Organisation with org name
===ORGANISATION CREATED===
Contact link clicked
new Contacts img link clicked
Contact created with mandatory fields 
========Contact created======]]>
  </system-out>
</testsuite> <!-- vtiger.BaseClassPrograms.CreateContactWithOrgTest -->
