<?xml version="1.0" encoding="UTF-8"?>
<!-- Generated by org.testng.reporters.JUnitReportReporter -->
<testsuite hostname="LAPTOP-9PSLU48T" failures="0" tests="7" name="vtiger.OrganisationTest.DataProvider.readMultipleDataFromExcelsheet" time="0.012" errors="0" timestamp="2022-09-08T07:04:35 IST" skipped="0">
  <testcase classname="vtiger.OrganisationTest.DataProvider.readMultipleDataFromExcelsheet" name="mutipleData" time="0.002"/>
  <system-out/>
  <testcase classname="vtiger.OrganisationTest.DataProvider.readMultipleDataFromExcelsheet" name="mutipleData" time="0.000"/>
  <system-out/>
  <testcase classname="vtiger.OrganisationTest.DataProvider.readMultipleDataFromExcelsheet" name="mutipleData" time="0.005"/>
  <system-out/>
  <testcase classname="vtiger.OrganisationTest.DataProvider.readMultipleDataFromExcelsheet" name="mutipleData" time="0.001"/>
  <system-out/>
  <testcase classname="vtiger.OrganisationTest.DataProvider.readMultipleDataFromExcelsheet" name="mutipleData" time="0.001"/>
  <system-out/>
  <testcase classname="vtiger.OrganisationTest.DataProvider.readMultipleDataFromExcelsheet" name="mutipleData" time="0.001"/>
  <system-out/>
  <testcase classname="vtiger.OrganisationTest.DataProvider.readMultipleDataFromExcelsheet" name="mutipleData" time="0.002"/>
  <system-out/>
</testsuite> <!-- vtiger.OrganisationTest.DataProvider.readMultipleDataFromExcelsheet -->
