<?xml version="1.0" encoding="UTF-8"?>
<!-- Generated by org.testng.reporters.JUnitReportReporter -->
<testsuite hostname="LAPTOP-9PSLU48T" failures="0" tests="1" name="vtiger.Practice.ICC_Cricket" time="5.773" errors="0" timestamp="2022-09-23T17:27:14 IST" skipped="0">
  <testcase classname="vtiger.Practice.ICC_Cricket" name="icc_Cricket" time="5.773"/>
  <system-out/>
</testsuite> <!-- vtiger.Practice.ICC_Cricket -->
