<?xml version="1.0" encoding="UTF-8"?>
<!-- Generated by org.testng.reporters.JUnitReportReporter -->
<testsuite hostname="LAPTOP-9PSLU48T" failures="0" tests="1" name="vtiger.Practice.TestNgPractice" time="0.008" errors="0" timestamp="2022-08-29T11:39:19 IST" skipped="0">
  <testcase classname="vtiger.Practice.TestNgPractice" name="TestNgPracticetest" time="0.008"/>
  <system-out/>
</testsuite> <!-- vtiger.Practice.TestNgPractice -->
