<?xml version="1.0" encoding="UTF-8"?>
<!-- Generated by org.testng.reporters.JUnitReportReporter -->
<testsuite hostname="LAPTOP-9PSLU48T" failures="0" tests="1" name="vtiger.contactTest.CreateContactWithOrgTest" time="18.784" errors="0" timestamp="2022-09-21T11:33:17 IST" skipped="0">
  <testcase classname="vtiger.contactTest.CreateContactWithOrgTest" name="createContactWithOrgTest" time="18.784"/>
  <system-out>
    <![CDATA[Organisation created
org img link is clicked
 Organisation created
===ORGANISATION CREATED===
Contact link clicked
new Contacts img link clicked
Contact created with mandatory fields 
========Contact created======]]>
  </system-out>
</testsuite> <!-- vtiger.contactTest.CreateContactWithOrgTest -->
