<?xml version="1.0" encoding="UTF-8"?>
<!-- Generated by org.testng.reporters.JUnitReportReporter -->
<testsuite hostname="LAPTOP-9PSLU48T" failures="0" tests="1" name="vtiger.Practice.Cal" time="12.955" errors="0" timestamp="2022-09-21T12:50:08 IST" skipped="0">
  <testcase classname="vtiger.Practice.Cal" name="SelectAnyDate" time="12.955"/>
  <system-out/>
</testsuite> <!-- vtiger.Practice.Cal -->
