<?xml version="1.0" encoding="UTF-8"?>
<!-- Generated by org.testng.reporters.JUnitReportReporter -->
<testsuite hostname="LAPTOP-9PSLU48T" failures="0" tests="1" name="vtiger.ContactTests.CreateContactWithOrgUsingListenersTest" time="20.021" errors="0" timestamp="2022-09-10T12:00:17 IST" skipped="0">
  <testcase classname="vtiger.ContactTests.CreateContactWithOrgUsingListenersTest" name="createContactWithOrgTest" time="20.021"/>
  <system-out>
    <![CDATA[Organisation created
org img link is clicked
 Organisation created
===ORGANISATION CREATED===
Contact link clicked
new Contacts img link clicked
Contact created with mandatory fields 
========Contact created======]]>
  </system-out>
</testsuite> <!-- vtiger.ContactTests.CreateContactWithOrgUsingListenersTest -->
