<?xml version="1.0" encoding="UTF-8"?>
<!-- Generated by org.testng.reporters.JUnitReportReporter -->
<testsuite hostname="LAPTOP-9PSLU48T" failures="0" tests="1" name="vtiger.Practice.DebuggingPractice" time="0.010" errors="0" timestamp="2022-09-21T11:27:28 IST" skipped="0">
  <testcase classname="vtiger.Practice.DebuggingPractice" name="debugFlow" time="0.010"/>
  <system-out/>
</testsuite> <!-- vtiger.Practice.DebuggingPractice -->
