<?xml version="1.0" encoding="UTF-8"?>
<!-- Generated by org.testng.reporters.JUnitReportReporter -->
<testsuite hostname="LAPTOP-9PSLU48T" failures="0" tests="2" name="vtiger.Practice.BaseClassPractice" time="0.006" errors="0" timestamp="2022-09-01T11:00:16 IST" skipped="0">
  <testcase classname="vtiger.Practice.BaseClassPractice" name="test1" time="0.004"/>
  <system-out/>
  <testcase classname="vtiger.Practice.BaseClassPractice" name="test2" time="0.002"/>
  <system-out/>
</testsuite> <!-- vtiger.Practice.BaseClassPractice -->
