<?xml version="1.0" encoding="UTF-8"?>
<!-- Generated by org.testng.reporters.JUnitReportReporter -->
<testsuite hostname="LAPTOP-9PSLU48T" failures="0" tests="1" name="vtiger.BaseClassPrograms.CreateNewContact" time="24.906" errors="0" timestamp="2022-09-06T23:36:58 IST" skipped="0">
  <testcase classname="vtiger.BaseClassPrograms.CreateNewContact" name="CreateContact" time="24.906"/>
  <system-out>
    <![CDATA[============Contact link clicked============
======contact img clicked=====
===========contact created successfully====]]>
  </system-out>
</testsuite> <!-- vtiger.BaseClassPrograms.CreateNewContact -->
