<?xml version="1.0" encoding="UTF-8"?>
<!-- Generated by org.testng.reporters.JUnitReportReporter -->
<testsuite hostname="LAPTOP-9PSLU48T" failures="0" tests="2" name="vtiger.Practice.Sample2" time="0.003" errors="0" timestamp="2022-09-08T07:10:04 IST" skipped="0">
  <testcase classname="vtiger.Practice.Sample2" name="Demo1" time="0.001"/>
  <system-out/>
  <testcase classname="vtiger.Practice.Sample2" name="Demo2" time="0.002"/>
  <system-out/>
</testsuite> <!-- vtiger.Practice.Sample2 -->
