<?xml version="1.0" encoding="UTF-8"?>
<!-- Generated by org.testng.reporters.JUnitReportReporter -->
<testsuite hostname="LAPTOP-9PSLU48T" failures="0" tests="1" name="vtiger.Practice.WebTable_Scenario3" time="13.665" errors="0" timestamp="2022-09-22T17:48:30 IST" skipped="0">
  <testcase classname="vtiger.Practice.WebTable_Scenario3" name="scenario3" time="13.665"/>
  <system-out/>
</testsuite> <!-- vtiger.Practice.WebTable_Scenario3 -->
