<?xml version="1.0" encoding="UTF-8"?>
<!-- Generated by org.testng.reporters.JUnitReportReporter -->
<testsuite hostname="LAPTOP-9PSLU48T" failures="0" tests="7" name="vtiger.Practice.DataProviderByUsingReadDataFromExcelSheet" time="0.008" errors="0" timestamp="2022-08-30T18:48:18 IST" skipped="0">
  <testcase classname="vtiger.Practice.DataProviderByUsingReadDataFromExcelSheet" name="readDataFromExcelSheet" time="0.001"/>
  <system-out/>
  <testcase classname="vtiger.Practice.DataProviderByUsingReadDataFromExcelSheet" name="readDataFromExcelSheet" time="0.000"/>
  <system-out/>
  <testcase classname="vtiger.Practice.DataProviderByUsingReadDataFromExcelSheet" name="readDataFromExcelSheet" time="0.001"/>
  <system-out/>
  <testcase classname="vtiger.Practice.DataProviderByUsingReadDataFromExcelSheet" name="readDataFromExcelSheet" time="0.000"/>
  <system-out/>
  <testcase classname="vtiger.Practice.DataProviderByUsingReadDataFromExcelSheet" name="readDataFromExcelSheet" time="0.005"/>
  <system-out/>
  <testcase classname="vtiger.Practice.DataProviderByUsingReadDataFromExcelSheet" name="readDataFromExcelSheet" time="0.001"/>
  <system-out/>
  <testcase classname="vtiger.Practice.DataProviderByUsingReadDataFromExcelSheet" name="readDataFromExcelSheet" time="0.000"/>
  <system-out/>
</testsuite> <!-- vtiger.Practice.DataProviderByUsingReadDataFromExcelSheet -->
