<?xml version="1.0" encoding="UTF-8"?>
<!-- Generated by org.testng.reporters.JUnitReportReporter -->
<testsuite hostname="LAPTOP-9PSLU48T" failures="0" tests="1" name="vtiger.Practice.WebTable_scenario2" time="12.356" errors="0" timestamp="2022-09-22T17:16:35 IST" skipped="0">
  <testcase classname="vtiger.Practice.WebTable_scenario2" name="scenario2" time="12.356"/>
  <system-out/>
</testsuite> <!-- vtiger.Practice.WebTable_scenario2 -->
