<?xml version="1.0" encoding="UTF-8"?>
<!-- Generated by org.testng.reporters.JUnitReportReporter -->
<testsuite hostname="LAPTOP-9PSLU48T" failures="0" tests="1" name="vtiger.Practice.WebTable_Scenario1" time="13.327" errors="0" timestamp="2022-09-22T17:17:39 IST" skipped="0">
  <testcase classname="vtiger.Practice.WebTable_Scenario1" name="scenario1" time="13.327"/>
  <system-out/>
</testsuite> <!-- vtiger.Practice.WebTable_Scenario1 -->
