<?xml version="1.0" encoding="UTF-8"?>
<!-- Generated by org.testng.reporters.JUnitReportReporter -->
<testsuite hostname="LAPTOP-9PSLU48T" failures="0" tests="1" name="vtiger.BaseClassPrograms.CreateProductWithVendor" time="31.531" errors="0" timestamp="2022-09-16T06:06:11 IST" skipped="0">
  <testcase classname="vtiger.BaseClassPrograms.CreateProductWithVendor" name="CreateProcuctWithMandatoryVendor" time="31.531"/>
  <system-out>
    <![CDATA[===Vendor created=====
------product is created-----]]>
  </system-out>
</testsuite> <!-- vtiger.BaseClassPrograms.CreateProductWithVendor -->
