<?xml version="1.0" encoding="UTF-8"?>
<!-- Generated by org.testng.reporters.JUnitReportReporter -->
<testsuite hostname="LAPTOP-9PSLU48T" failures="0" tests="4" name="vtiger.Practice.DataProviderPractice" time="0.007" errors="0" timestamp="2022-08-30T12:42:24 IST" skipped="0">
  <testcase classname="vtiger.Practice.DataProviderPractice" name="addProductToCartTest" time="0.001"/>
  <system-out/>
  <testcase classname="vtiger.Practice.DataProviderPractice" name="addProductToCartTest" time="0.000"/>
  <system-out/>
  <testcase classname="vtiger.Practice.DataProviderPractice" name="addProductToCartTest" time="0.005"/>
  <system-out/>
  <testcase classname="vtiger.Practice.DataProviderPractice" name="addProductToCartTest" time="0.001"/>
  <system-out/>
</testsuite> <!-- vtiger.Practice.DataProviderPractice -->
